[22:51:15] [main/INFO] (FabricLoader/GameProvider) Loading Minecraft 1.21 with Fabric Loader 0.16.5
[22:51:15] [main/INFO] (FabricLoader) Loading 54 mods:
	- fabric-api 0.100.1+1.21
	- fabric-api-base 0.4.42+6573ed8c90
	- fabric-api-lookup-api-v1 1.6.65+b559734490
	- fabric-biome-api-v1 13.0.28+6fc22b9990
	- fabric-block-api-v1 1.0.22+0af3f5a790
	- fabric-block-view-api-v2 1.0.10+6573ed8c90
	- fabric-blockrenderlayer-v1 1.1.52+0af3f5a790
	- fabric-client-tags-api-v1 1.1.15+6573ed8c90
	- fabric-command-api-v1 1.2.48+f71b366f90
	- fabric-command-api-v2 2.2.27+6a6dfa1990
	- fabric-commands-v0 0.2.65+df3654b390
	- fabric-content-registries-v0 8.0.11+b559734490
	- fabric-convention-tags-v1 2.0.12+7f945d5b90
	- fabric-convention-tags-v2 2.2.1+d153f34490
	- fabric-crash-report-info-v1 0.2.29+0af3f5a790
	- fabric-data-attachment-api-v1 1.1.22+6a6dfa1990
	- fabric-data-generation-api-v1 20.2.6+16c4ae2590
	- fabric-dimensions-v1 4.0.0+6fc22b9990
	- fabric-entity-events-v1 1.6.12+6fc22b9990
	- fabric-events-interaction-v0 0.7.10+e633f88390
	- fabric-game-rule-api-v1 1.0.52+6573ed8c90
	- fabric-gametest-api-v1 2.0.0+6fc22b9990
	- fabric-item-api-v1 11.0.0+afdfc92190
	- fabric-item-group-api-v1 4.1.0+00ab0a6390
	- fabric-key-binding-api-v1 1.0.47+0af3f5a790
	- fabric-keybindings-v0 0.2.45+df3654b390
	- fabric-lifecycle-events-v1 2.3.9+98a7dbbb90
	- fabric-loot-api-v2 3.0.9+6573ed8c90
	- fabric-message-api-v1 6.0.13+6573ed8c90
	- fabric-model-loading-api-v1 2.0.0+fe474d6b90
	- fabric-networking-api-v1 4.1.0+686dcdce90
	- fabric-object-builder-api-v1 15.1.10+d132107690
	- fabric-particles-v1 4.0.2+6573ed8c90
	- fabric-recipe-api-v1 5.0.8+6573ed8c90
	- fabric-registry-sync-v0 5.0.21+b9828ba390
	- fabric-renderer-api-v1 3.2.16+fe474d6b90
	- fabric-renderer-indigo 1.6.3+cc9f121a90
	- fabric-renderer-registries-v1 3.2.66+df3654b390
	- fabric-rendering-data-attachment-v1 0.3.48+73761d2e90
	- fabric-rendering-fluids-v1 3.1.6+b559734490
	- fabric-rendering-v0 1.1.69+df3654b390
	- fabric-rendering-v1 5.0.3+d132107690
	- fabric-resource-conditions-api-v1 4.2.1+d153f34490
	- fabric-resource-loader-v0 1.1.3+b559734490
	- fabric-screen-api-v1 2.0.24+b559734490
	- fabric-screen-handler-api-v1 1.3.78+b559734490
	- fabric-sound-api-v1 1.0.23+6573ed8c90
	- fabric-transfer-api-v1 5.1.12+b559734490
	- fabric-transitive-access-wideners-v1 6.0.12+6573ed8c90
	- fabricloader 0.16.5
	- friends-mod 1.0.0
	- java 21
	- minecraft 1.21
	- mixinextras 0.4.1
[22:51:15] [main/INFO] (FabricLoader/Mixin) SpongePowered MIXIN Subsystem Version=0.8.7 Source=file:/C:/Gradle/gradle-8.12.1/caches/modules-2/files-2.1/net.fabricmc/sponge-mixin/0.15.3+mixin.0.8.7/51ee0a44ab05f6fddd66b09e66b3a16904f9c55d/sponge-mixin-0.15.3+mixin.0.8.7.jar Service=Knot/Fabric Env=CLIENT
[22:51:15] [main/INFO] (FabricLoader/Mixin) Loaded Fabric development mappings for mixin remapper!
[22:51:15] [main/INFO] (FabricLoader/Mixin) Compatibility level set to JAVA_17
[22:51:15] [main/INFO] (FabricLoader/Mixin) Compatibility level set to JAVA_21
[22:51:16] [main/INFO] (FabricLoader/MixinExtras|Service) Initializing MixinExtras via com.llamalad7.mixinextras.service.MixinExtrasServiceImpl(version=0.4.1).
[22:51:17] [Datafixer Bootstrap/INFO] (Minecraft) 226 Datafixer optimizations took 288 milliseconds
[22:51:21] [Render thread/INFO] (Minecraft) Environment: Environment[sessionHost=https://sessionserver.mojang.com, servicesHost=https://api.minecraftservices.com, name=PROD]
[22:51:21] [Render thread/INFO] (Minecraft) Setting user: Player420
[22:51:21] [Render thread/INFO] (friendsmod) Registring Item Groups Forfriendsmod
[22:51:21] [Render thread/INFO] (friendsmod) Registering Mod Blocks Forfriendsmod
[22:51:21] [Render thread/INFO] (friendsmod) Registering Mod Items Forfriendsmod
[22:51:21] [Render thread/INFO] (friendsmod) Registering Mod Effects Forfriendsmod
[22:51:21] [Render thread/INFO] (friendsmod) Registering Potions Forfriendsmod
[22:51:21] [Render thread/INFO] (friendsmod) Registering Mod Sounds For friendsmod
[22:51:21] [Render thread/INFO] (Indigo) [Indigo] Registering Indigo renderer!
[22:51:22] [Render thread/INFO] (Minecraft) Backend library: LWJGL version 3.3.3-snapshot
[22:51:23] [Render thread/INFO] (Minecraft) Reloading ResourceManager: vanilla, fabric, fabric-api, fabric-api-base, fabric-api-lookup-api-v1, fabric-biome-api-v1, fabric-block-api-v1, fabric-block-view-api-v2, fabric-blockrenderlayer-v1, fabric-client-tags-api-v1, fabric-command-api-v1, fabric-command-api-v2, fabric-commands-v0, fabric-content-registries-v0, fabric-convention-tags-v1, fabric-convention-tags-v2, fabric-crash-report-info-v1, fabric-data-attachment-api-v1, fabric-data-generation-api-v1, fabric-dimensions-v1, fabric-entity-events-v1, fabric-events-interaction-v0, fabric-game-rule-api-v1, fabric-gametest-api-v1, fabric-item-api-v1, fabric-item-group-api-v1, fabric-key-binding-api-v1, fabric-keybindings-v0, fabric-lifecycle-events-v1, fabric-loot-api-v2, fabric-message-api-v1, fabric-model-loading-api-v1, fabric-networking-api-v1, fabric-object-builder-api-v1, fabric-particles-v1, fabric-recipe-api-v1, fabric-registry-sync-v0, fabric-renderer-api-v1, fabric-renderer-indigo, fabric-renderer-registries-v1, fabric-rendering-data-attachment-v1, fabric-rendering-fluids-v1, fabric-rendering-v0, fabric-rendering-v1, fabric-resource-conditions-api-v1, fabric-resource-loader-v0, fabric-screen-api-v1, fabric-screen-handler-api-v1, fabric-sound-api-v1, fabric-transfer-api-v1, fabric-transitive-access-wideners-v1, fabricloader, friends-mod
[22:51:23] [Worker-Main-13/INFO] (Minecraft) Found unifont_all_no_pua-15.1.05.hex, loading
[22:51:23] [Worker-Main-1/INFO] (Minecraft) Found unifont_jp_patch-15.1.05.hex, loading
[22:51:23] [Worker-Main-9/WARN] (Minecraft) Texture friendsmod:item/sefer_tora with size 499x500 limits mip level from 4 to 0
[22:51:23] [Worker-Main-9/WARN] (Minecraft) minecraft:textures/atlas/blocks.png: dropping miplevel from 4 to 0, because of minimum power of two: 1
[22:51:24] [Render thread/WARN] (Minecraft) Missing sound for event: minecraft:item.goat_horn.play
[22:51:24] [Render thread/WARN] (Minecraft) Missing sound for event: minecraft:entity.goat.screaming.horn_break
[22:51:24] [Render thread/INFO] (Minecraft) OpenAL initialized on device OpenAL Soft on Speakers (Realtek(R) Audio)
[22:51:24] [Render thread/INFO] (Minecraft) Sound engine started
[22:51:24] [Render thread/INFO] (Minecraft) Created: 2048x1024x0 minecraft:textures/atlas/blocks.png-atlas
[22:51:24] [Render thread/INFO] (Minecraft) Created: 256x256x4 minecraft:textures/atlas/signs.png-atlas
[22:51:24] [Render thread/INFO] (Minecraft) Created: 512x512x4 minecraft:textures/atlas/banner_patterns.png-atlas
[22:51:24] [Render thread/INFO] (Minecraft) Created: 512x512x4 minecraft:textures/atlas/shield_patterns.png-atlas
[22:51:24] [Render thread/INFO] (Minecraft) Created: 1024x1024x4 minecraft:textures/atlas/armor_trims.png-atlas
[22:51:24] [Render thread/INFO] (Minecraft) Created: 256x256x4 minecraft:textures/atlas/chest.png-atlas
[22:51:24] [Render thread/INFO] (Minecraft) Created: 128x64x4 minecraft:textures/atlas/decorated_pot.png-atlas
[22:51:24] [Render thread/INFO] (Minecraft) Created: 512x256x4 minecraft:textures/atlas/shulker_boxes.png-atlas
[22:51:24] [Render thread/INFO] (Minecraft) Created: 512x256x4 minecraft:textures/atlas/beds.png-atlas
[22:51:24] [Render thread/INFO] (Minecraft) Created: 512x256x0 minecraft:textures/atlas/particles.png-atlas
[22:51:24] [Render thread/INFO] (Minecraft) Created: 512x256x0 minecraft:textures/atlas/paintings.png-atlas
[22:51:24] [Render thread/INFO] (Minecraft) Created: 1024x1024x0 minecraft:textures/atlas/mob_effects.png-atlas
[22:51:24] [Render thread/INFO] (Minecraft) Created: 64x64x0 minecraft:textures/atlas/map_decorations.png-atlas
[22:51:24] [Render thread/INFO] (Minecraft) Created: 1024x512x0 minecraft:textures/atlas/gui.png-atlas
[22:51:24] [Render thread/WARN] (Minecraft) Shader rendertype_entity_translucent_emissive could not find sampler named Sampler2 in the specified shader program.
[22:52:00] [Render thread/ERROR] (Minecraft) Parsing error loading recipe friendsmod:nadi_potion
com.google.gson.JsonParseException: Failed to parse either. First: Input does not contain a key [fabric:type]: MapLike[{"item":""}]; Second: Failed to parse either. First: Not a json array: {"item":""}; Second: No key tag in MapLike[{"item":""}]; Unknown registry key in ResourceKey[minecraft:root / minecraft:item]: minecraft:; No key id in MapLike[{"item":"item.minecraft.potion.effect.nadi_potion","count":1}]
	at com.mojang.serialization.DataResult$Error.getOrThrow(DataResult.java:287) ~[datafixerupper-8.0.16.jar:?]
	at net.minecraft.recipe.RecipeManager.apply(RecipeManager.java:62) ~[minecraft-merged-4eb0fe4bb6-1.21-net.fabricmc.yarn.1_21.1.21+build.2-v2.jar:?]
	at net.minecraft.recipe.RecipeManager.apply(RecipeManager.java:35) ~[minecraft-merged-4eb0fe4bb6-1.21-net.fabricmc.yarn.1_21.1.21+build.2-v2.jar:?]
	at net.minecraft.resource.SinglePreparationResourceReloader.method_18790(SinglePreparationResourceReloader.java:13) ~[minecraft-merged-4eb0fe4bb6-1.21-net.fabricmc.yarn.1_21.1.21+build.2-v2.jar:?]
	at java.base/java.util.concurrent.CompletableFuture$UniAccept.tryFire(CompletableFuture.java:718) ~[?:?]
	at java.base/java.util.concurrent.CompletableFuture$Completion.run(CompletableFuture.java:482) ~[?:?]
	at net.minecraft.resource.SimpleResourceReload.method_18365(SimpleResourceReload.java:69) ~[minecraft-merged-4eb0fe4bb6-1.21-net.fabricmc.yarn.1_21.1.21+build.2-v2.jar:?]
	at net.minecraft.util.thread.ThreadExecutor.executeTask(ThreadExecutor.java:162) ~[minecraft-merged-4eb0fe4bb6-1.21-net.fabricmc.yarn.1_21.1.21+build.2-v2.jar:?]
	at net.minecraft.util.thread.ReentrantThreadExecutor.executeTask(ReentrantThreadExecutor.java:23) ~[minecraft-merged-4eb0fe4bb6-1.21-net.fabricmc.yarn.1_21.1.21+build.2-v2.jar:?]
	at net.minecraft.util.thread.ThreadExecutor.runTask(ThreadExecutor.java:136) ~[minecraft-merged-4eb0fe4bb6-1.21-net.fabricmc.yarn.1_21.1.21+build.2-v2.jar:?]
	at net.minecraft.util.thread.ThreadExecutor.runTasks(ThreadExecutor.java:145) ~[minecraft-merged-4eb0fe4bb6-1.21-net.fabricmc.yarn.1_21.1.21+build.2-v2.jar:?]
	at net.minecraft.client.gui.screen.world.CreateWorldScreen.create(CreateWorldScreen.java:329) ~[minecraft-merged-4eb0fe4bb6-1.21-net.fabricmc.yarn.1_21.1.21+build.2-v2.jar:?]
	at net.minecraft.client.gui.screen.world.WorldListWidget.loadLevels(WorldListWidget.java:183) ~[minecraft-merged-4eb0fe4bb6-1.21-net.fabricmc.yarn.1_21.1.21+build.2-v2.jar:?]
	at net.minecraft.client.gui.screen.world.WorldListWidget.<init>(WorldListWidget.java:106) ~[minecraft-merged-4eb0fe4bb6-1.21-net.fabricmc.yarn.1_21.1.21+build.2-v2.jar:?]
	at net.minecraft.client.gui.screen.world.SelectWorldScreen.init(SelectWorldScreen.java:51) ~[minecraft-merged-4eb0fe4bb6-1.21-net.fabricmc.yarn.1_21.1.21+build.2-v2.jar:?]
	at net.minecraft.client.gui.screen.Screen.init(Screen.java:309) ~[minecraft-merged-4eb0fe4bb6-1.21-net.fabricmc.yarn.1_21.1.21+build.2-v2.jar:?]
	at net.minecraft.client.MinecraftClient.setScreen(MinecraftClient.java:1143) ~[minecraft-merged-4eb0fe4bb6-1.21-net.fabricmc.yarn.1_21.1.21+build.2-v2.jar:?]
	at net.minecraft.client.gui.screen.TitleScreen.method_19861(TitleScreen.java:146) ~[minecraft-merged-4eb0fe4bb6-1.21-net.fabricmc.yarn.1_21.1.21+build.2-v2.jar:?]
	at net.minecraft.client.gui.widget.ButtonWidget.onPress(ButtonWidget.java:96) ~[minecraft-merged-4eb0fe4bb6-1.21-net.fabricmc.yarn.1_21.1.21+build.2-v2.jar:?]
	at net.minecraft.client.gui.widget.PressableWidget.onClick(PressableWidget.java:48) ~[minecraft-merged-4eb0fe4bb6-1.21-net.fabricmc.yarn.1_21.1.21+build.2-v2.jar:?]
	at net.minecraft.client.gui.widget.ClickableWidget.mouseClicked(ClickableWidget.java:141) ~[minecraft-merged-4eb0fe4bb6-1.21-net.fabricmc.yarn.1_21.1.21+build.2-v2.jar:?]
	at net.minecraft.client.gui.ParentElement.mouseClicked(ParentElement.java:38) ~[minecraft-merged-4eb0fe4bb6-1.21-net.fabricmc.yarn.1_21.1.21+build.2-v2.jar:?]
	at net.minecraft.client.gui.screen.TitleScreen.mouseClicked(TitleScreen.java:295) ~[minecraft-merged-4eb0fe4bb6-1.21-net.fabricmc.yarn.1_21.1.21+build.2-v2.jar:?]
	at net.minecraft.client.Mouse.method_1611(Mouse.java:107) ~[minecraft-merged-4eb0fe4bb6-1.21-net.fabricmc.yarn.1_21.1.21+build.2-v2.jar:?]
	at net.minecraft.client.gui.screen.Screen.wrapScreenError(Screen.java:431) ~[minecraft-merged-4eb0fe4bb6-1.21-net.fabricmc.yarn.1_21.1.21+build.2-v2.jar:?]
	at net.minecraft.client.Mouse.onMouseButton(Mouse.java:107) ~[minecraft-merged-4eb0fe4bb6-1.21-net.fabricmc.yarn.1_21.1.21+build.2-v2.jar:?]
	at net.minecraft.client.Mouse.method_22686(Mouse.java:196) ~[minecraft-merged-4eb0fe4bb6-1.21-net.fabricmc.yarn.1_21.1.21+build.2-v2.jar:?]
	at net.minecraft.util.thread.ThreadExecutor.execute(ThreadExecutor.java:108) ~[minecraft-merged-4eb0fe4bb6-1.21-net.fabricmc.yarn.1_21.1.21+build.2-v2.jar:?]
	at net.minecraft.client.Mouse.method_22684(Mouse.java:196) ~[minecraft-merged-4eb0fe4bb6-1.21-net.fabricmc.yarn.1_21.1.21+build.2-v2.jar:?]
	at org.lwjgl.glfw.GLFWMouseButtonCallbackI.callback(GLFWMouseButtonCallbackI.java:43) [lwjgl-glfw-3.3.3.jar:?]
	at org.lwjgl.system.JNI.invokeV(Native Method) ~[lwjgl-3.3.3.jar:?]
	at org.lwjgl.glfw.GLFW.glfwWaitEventsTimeout(GLFW.java:3509) [lwjgl-glfw-3.3.3.jar:?]
	at com.mojang.blaze3d.systems.RenderSystem.limitDisplayFPS(RenderSystem.java:184) [minecraft-merged-4eb0fe4bb6-1.21-net.fabricmc.yarn.1_21.1.21+build.2-v2.jar:?]
	at net.minecraft.client.MinecraftClient.render(MinecraftClient.java:1310) [minecraft-merged-4eb0fe4bb6-1.21-net.fabricmc.yarn.1_21.1.21+build.2-v2.jar:?]
	at net.minecraft.client.MinecraftClient.run(MinecraftClient.java:882) [minecraft-merged-4eb0fe4bb6-1.21-net.fabricmc.yarn.1_21.1.21+build.2-v2.jar:?]
	at net.minecraft.client.main.Main.main(Main.java:256) [minecraft-merged-4eb0fe4bb6-1.21-net.fabricmc.yarn.1_21.1.21+build.2-v2.jar:?]
	at net.fabricmc.loader.impl.game.minecraft.MinecraftGameProvider.launch(MinecraftGameProvider.java:480) [fabric-loader-0.16.5.jar:?]
	at net.fabricmc.loader.impl.launch.knot.Knot.launch(Knot.java:74) [fabric-loader-0.16.5.jar:?]
	at net.fabricmc.loader.impl.launch.knot.KnotClient.main(KnotClient.java:23) [fabric-loader-0.16.5.jar:?]
	at net.fabricmc.devlaunchinjector.Main.main(Main.java:86) [dev-launch-injector-0.2.1+build.8.jar:?]
[22:52:00] [Render thread/INFO] (Minecraft) Loaded 1294 recipes
[22:52:00] [Render thread/INFO] (Minecraft) Loaded 1399 advancements
[22:52:07] [Render thread/ERROR] (Minecraft) Parsing error loading recipe friendsmod:nadi_potion
com.google.gson.JsonParseException: Failed to parse either. First: Input does not contain a key [fabric:type]: MapLike[{"item":""}]; Second: Failed to parse either. First: Not a json array: {"item":""}; Second: No key tag in MapLike[{"item":""}]; Unknown registry key in ResourceKey[minecraft:root / minecraft:item]: minecraft:; No key id in MapLike[{"item":"item.minecraft.potion.effect.nadi_potion","count":1}]
	at com.mojang.serialization.DataResult$Error.getOrThrow(DataResult.java:287) ~[datafixerupper-8.0.16.jar:?]
	at net.minecraft.recipe.RecipeManager.apply(RecipeManager.java:62) ~[minecraft-merged-4eb0fe4bb6-1.21-net.fabricmc.yarn.1_21.1.21+build.2-v2.jar:?]
	at net.minecraft.recipe.RecipeManager.apply(RecipeManager.java:35) ~[minecraft-merged-4eb0fe4bb6-1.21-net.fabricmc.yarn.1_21.1.21+build.2-v2.jar:?]
	at net.minecraft.resource.SinglePreparationResourceReloader.method_18790(SinglePreparationResourceReloader.java:13) ~[minecraft-merged-4eb0fe4bb6-1.21-net.fabricmc.yarn.1_21.1.21+build.2-v2.jar:?]
	at java.base/java.util.concurrent.CompletableFuture$UniAccept.tryFire(CompletableFuture.java:718) ~[?:?]
	at java.base/java.util.concurrent.CompletableFuture$Completion.run(CompletableFuture.java:482) ~[?:?]
	at net.minecraft.resource.SimpleResourceReload.method_18365(SimpleResourceReload.java:69) ~[minecraft-merged-4eb0fe4bb6-1.21-net.fabricmc.yarn.1_21.1.21+build.2-v2.jar:?]
	at net.minecraft.util.thread.ThreadExecutor.executeTask(ThreadExecutor.java:162) ~[minecraft-merged-4eb0fe4bb6-1.21-net.fabricmc.yarn.1_21.1.21+build.2-v2.jar:?]
	at net.minecraft.util.thread.ReentrantThreadExecutor.executeTask(ReentrantThreadExecutor.java:23) ~[minecraft-merged-4eb0fe4bb6-1.21-net.fabricmc.yarn.1_21.1.21+build.2-v2.jar:?]
	at net.minecraft.util.thread.ThreadExecutor.runTask(ThreadExecutor.java:136) ~[minecraft-merged-4eb0fe4bb6-1.21-net.fabricmc.yarn.1_21.1.21+build.2-v2.jar:?]
	at net.minecraft.util.thread.ThreadExecutor.runTasks(ThreadExecutor.java:145) ~[minecraft-merged-4eb0fe4bb6-1.21-net.fabricmc.yarn.1_21.1.21+build.2-v2.jar:?]
	at net.minecraft.client.gui.screen.world.CreateWorldScreen.create(CreateWorldScreen.java:329) ~[minecraft-merged-4eb0fe4bb6-1.21-net.fabricmc.yarn.1_21.1.21+build.2-v2.jar:?]
	at net.minecraft.client.gui.screen.world.WorldListWidget.loadLevels(WorldListWidget.java:183) ~[minecraft-merged-4eb0fe4bb6-1.21-net.fabricmc.yarn.1_21.1.21+build.2-v2.jar:?]
	at net.minecraft.client.gui.screen.world.WorldListWidget.<init>(WorldListWidget.java:106) ~[minecraft-merged-4eb0fe4bb6-1.21-net.fabricmc.yarn.1_21.1.21+build.2-v2.jar:?]
	at net.minecraft.client.gui.screen.world.SelectWorldScreen.init(SelectWorldScreen.java:51) ~[minecraft-merged-4eb0fe4bb6-1.21-net.fabricmc.yarn.1_21.1.21+build.2-v2.jar:?]
	at net.minecraft.client.gui.screen.Screen.init(Screen.java:309) ~[minecraft-merged-4eb0fe4bb6-1.21-net.fabricmc.yarn.1_21.1.21+build.2-v2.jar:?]
	at net.minecraft.client.MinecraftClient.setScreen(MinecraftClient.java:1143) ~[minecraft-merged-4eb0fe4bb6-1.21-net.fabricmc.yarn.1_21.1.21+build.2-v2.jar:?]
	at net.minecraft.client.gui.screen.TitleScreen.method_19861(TitleScreen.java:146) ~[minecraft-merged-4eb0fe4bb6-1.21-net.fabricmc.yarn.1_21.1.21+build.2-v2.jar:?]
	at net.minecraft.client.gui.widget.ButtonWidget.onPress(ButtonWidget.java:96) ~[minecraft-merged-4eb0fe4bb6-1.21-net.fabricmc.yarn.1_21.1.21+build.2-v2.jar:?]
	at net.minecraft.client.gui.widget.PressableWidget.onClick(PressableWidget.java:48) ~[minecraft-merged-4eb0fe4bb6-1.21-net.fabricmc.yarn.1_21.1.21+build.2-v2.jar:?]
	at net.minecraft.client.gui.widget.ClickableWidget.mouseClicked(ClickableWidget.java:141) ~[minecraft-merged-4eb0fe4bb6-1.21-net.fabricmc.yarn.1_21.1.21+build.2-v2.jar:?]
	at net.minecraft.client.gui.ParentElement.mouseClicked(ParentElement.java:38) ~[minecraft-merged-4eb0fe4bb6-1.21-net.fabricmc.yarn.1_21.1.21+build.2-v2.jar:?]
	at net.minecraft.client.gui.screen.TitleScreen.mouseClicked(TitleScreen.java:295) ~[minecraft-merged-4eb0fe4bb6-1.21-net.fabricmc.yarn.1_21.1.21+build.2-v2.jar:?]
	at net.minecraft.client.Mouse.method_1611(Mouse.java:107) ~[minecraft-merged-4eb0fe4bb6-1.21-net.fabricmc.yarn.1_21.1.21+build.2-v2.jar:?]
	at net.minecraft.client.gui.screen.Screen.wrapScreenError(Screen.java:431) ~[minecraft-merged-4eb0fe4bb6-1.21-net.fabricmc.yarn.1_21.1.21+build.2-v2.jar:?]
	at net.minecraft.client.Mouse.onMouseButton(Mouse.java:107) ~[minecraft-merged-4eb0fe4bb6-1.21-net.fabricmc.yarn.1_21.1.21+build.2-v2.jar:?]
	at net.minecraft.client.Mouse.method_22686(Mouse.java:196) ~[minecraft-merged-4eb0fe4bb6-1.21-net.fabricmc.yarn.1_21.1.21+build.2-v2.jar:?]
	at net.minecraft.util.thread.ThreadExecutor.execute(ThreadExecutor.java:108) ~[minecraft-merged-4eb0fe4bb6-1.21-net.fabricmc.yarn.1_21.1.21+build.2-v2.jar:?]
	at net.minecraft.client.Mouse.method_22684(Mouse.java:196) ~[minecraft-merged-4eb0fe4bb6-1.21-net.fabricmc.yarn.1_21.1.21+build.2-v2.jar:?]
	at org.lwjgl.glfw.GLFWMouseButtonCallbackI.callback(GLFWMouseButtonCallbackI.java:43) [lwjgl-glfw-3.3.3.jar:?]
	at org.lwjgl.system.JNI.invokeV(Native Method) ~[lwjgl-3.3.3.jar:?]
	at org.lwjgl.glfw.GLFW.glfwPollEvents(GLFW.java:3438) [lwjgl-glfw-3.3.3.jar:?]
	at com.mojang.blaze3d.systems.RenderSystem.pollEvents(RenderSystem.java:150) [minecraft-merged-4eb0fe4bb6-1.21-net.fabricmc.yarn.1_21.1.21+build.2-v2.jar:?]
	at com.mojang.blaze3d.systems.RenderSystem.flipFrame(RenderSystem.java:161) [minecraft-merged-4eb0fe4bb6-1.21-net.fabricmc.yarn.1_21.1.21+build.2-v2.jar:?]
	at net.minecraft.client.util.Window.swapBuffers(Window.java:303) [minecraft-merged-4eb0fe4bb6-1.21-net.fabricmc.yarn.1_21.1.21+build.2-v2.jar:?]
	at net.minecraft.client.MinecraftClient.render(MinecraftClient.java:1307) [minecraft-merged-4eb0fe4bb6-1.21-net.fabricmc.yarn.1_21.1.21+build.2-v2.jar:?]
	at net.minecraft.client.MinecraftClient.run(MinecraftClient.java:882) [minecraft-merged-4eb0fe4bb6-1.21-net.fabricmc.yarn.1_21.1.21+build.2-v2.jar:?]
	at net.minecraft.client.main.Main.main(Main.java:256) [minecraft-merged-4eb0fe4bb6-1.21-net.fabricmc.yarn.1_21.1.21+build.2-v2.jar:?]
	at net.fabricmc.loader.impl.game.minecraft.MinecraftGameProvider.launch(MinecraftGameProvider.java:480) [fabric-loader-0.16.5.jar:?]
	at net.fabricmc.loader.impl.launch.knot.Knot.launch(Knot.java:74) [fabric-loader-0.16.5.jar:?]
	at net.fabricmc.loader.impl.launch.knot.KnotClient.main(KnotClient.java:23) [fabric-loader-0.16.5.jar:?]
	at net.fabricmc.devlaunchinjector.Main.main(Main.java:86) [dev-launch-injector-0.2.1+build.8.jar:?]
[22:52:07] [Render thread/INFO] (Minecraft) Loaded 1294 recipes
[22:52:07] [Render thread/INFO] (Minecraft) Loaded 1399 advancements
[22:52:18] [Render thread/INFO] (BiomeModificationImpl) Applied 0 biome modifications to 0 of 64 new biomes in 977.2 μs
[22:52:18] [Server thread/INFO] (Minecraft) Starting integrated minecraft server version 1.21
[22:52:18] [Server thread/INFO] (Minecraft) Generating keypair
[22:52:18] [Server thread/INFO] (Minecraft) Preparing start region for dimension minecraft:overworld
[22:52:18] [Render thread/INFO] (Minecraft) Preparing spawn area: 2%
[22:52:18] [Render thread/INFO] (Minecraft) Time elapsed: 120 ms
[22:52:18] [Server thread/INFO] (Minecraft) Changing view distance to 12, from 10
[22:52:18] [Server thread/INFO] (Minecraft) Changing simulation distance to 12, from 0
[22:52:19] [Server thread/INFO] (Minecraft) Player420[local:E:60161a15] logged in with entity id 1 at (-0.5, -60.0, -5.5)
[22:52:19] [Server thread/INFO] (Minecraft) Player420 joined the game
[22:52:19] [Render thread/INFO] (Minecraft) Loaded 2 advancements
[22:52:26] [Render thread/INFO] (Minecraft) Loaded 22 advancements
[22:53:24] [Server thread/INFO] (Minecraft) Saving and pausing game...
[22:53:24] [Server thread/INFO] (Minecraft) Saving chunks for level 'ServerLevel[Kubi Shamen]'/minecraft:overworld
[22:53:24] [Server thread/INFO] (Minecraft) Saving chunks for level 'ServerLevel[Kubi Shamen]'/minecraft:the_nether
[22:53:24] [Server thread/INFO] (Minecraft) Saving chunks for level 'ServerLevel[Kubi Shamen]'/minecraft:the_end
[22:53:38] [Server thread/INFO] (Minecraft) Saving and pausing game...
[22:53:38] [Server thread/INFO] (Minecraft) Saving chunks for level 'ServerLevel[Kubi Shamen]'/minecraft:overworld
[22:53:38] [Server thread/INFO] (Minecraft) Saving chunks for level 'ServerLevel[Kubi Shamen]'/minecraft:the_nether
[22:53:38] [Server thread/INFO] (Minecraft) Saving chunks for level 'ServerLevel[Kubi Shamen]'/minecraft:the_end
[22:54:55] [Server thread/INFO] (Minecraft) Saving and pausing game...
[22:54:55] [Server thread/INFO] (Minecraft) Saving chunks for level 'ServerLevel[Kubi Shamen]'/minecraft:overworld
[22:54:55] [Server thread/INFO] (Minecraft) Saving chunks for level 'ServerLevel[Kubi Shamen]'/minecraft:the_nether
[22:54:55] [Server thread/INFO] (Minecraft) Saving chunks for level 'ServerLevel[Kubi Shamen]'/minecraft:the_end
[22:58:16] [Server thread/INFO] (Minecraft) Saving and pausing game...
[22:58:16] [Server thread/INFO] (Minecraft) Saving chunks for level 'ServerLevel[Kubi Shamen]'/minecraft:overworld
[22:58:16] [Server thread/INFO] (Minecraft) Saving chunks for level 'ServerLevel[Kubi Shamen]'/minecraft:the_nether
[22:58:16] [Server thread/INFO] (Minecraft) Saving chunks for level 'ServerLevel[Kubi Shamen]'/minecraft:the_end
[22:59:30] [Server thread/INFO] (Minecraft) Saving and pausing game...
[22:59:30] [Server thread/INFO] (Minecraft) Saving chunks for level 'ServerLevel[Kubi Shamen]'/minecraft:overworld
[22:59:30] [Server thread/INFO] (Minecraft) Saving chunks for level 'ServerLevel[Kubi Shamen]'/minecraft:the_nether
[22:59:30] [Server thread/INFO] (Minecraft) Saving chunks for level 'ServerLevel[Kubi Shamen]'/minecraft:the_end
